2012-01-11T11:30:37-08:00 8:
	Undefined variable: test in file /home/wleona3/Dropbox/Dockets/simplecart2/sc/core/init.php at line 40.
2012-01-11T11:42:10-08:00 Array:
	Undefined variable: test
	in file /home/wleona3/Dropbox/Dockets/simplecart2/sc/core/init.php at line 52.
2012-01-11T11:42:19-08:00 Warning, Parse, Notice, Core_Error, Core_Warning, Compile_Error, Compile_Warning, User_Error, User_Warning, User_Notice, Strict, Recoverable_Error, Deprecated, User_Deprecated, All:
	Undefined variable: test
	in file /home/wleona3/Dropbox/Dockets/simplecart2/sc/core/init.php at line 52.
2012-01-11T11:42:35-08:00 Warning, Parse, Notice, Core_Error, Core_Warning, Compile_Error, Compile_Warning, User_Error, User_Warning, User_Notice, Strict, Recoverable_Error, Deprecated, User_Deprecated, All:
	Undefined variable: test
	in file /home/wleona3/Dropbox/Dockets/simplecart2/sc/core/init.php at line 53.
2012-01-11T11:44:13-08:00 :
	Undefined variable: test
	in file /home/wleona3/Dropbox/Dockets/simplecart2/sc/core/init.php at line 53.
2012-01-11T11:44:55-08:00 :
	Undefined variable: test
	in file /home/wleona3/Dropbox/Dockets/simplecart2/sc/core/init.php at line 54.
2012-01-11T11:45:24-08:00 Error:
	Undefined variable: test
	in file /home/wleona3/Dropbox/Dockets/simplecart2/sc/core/init.php at line 52.
2012-01-11T11:45:29-08:00 Error:
	Undefined variable: test
	in file /home/wleona3/Dropbox/Dockets/simplecart2/sc/core/init.php at line 51.
2012-01-11T11:46:49-08:00 Notice:
	Undefined variable: test
	in file /home/wleona3/Dropbox/Dockets/simplecart2/sc/core/init.php at line 51.
2012-01-11T11:48:05-08:00 Notice:
	Undefined variable: test
	in file /home/wleona3/Dropbox/Dockets/simplecart2/sc/core/init.php at line 51.
2012-01-11T11:48:16-08:00 Notice:
	Undefined variable: test
	in file /home/wleona3/Dropbox/Dockets/simplecart2/sc/core/init.php at line 51.
2012-01-11T11:51:48-08:00 Notice:
	Undefined variable: test
	in file /home/wleona3/Dropbox/Dockets/simplecart2/sc/core/init.php at line 51.
2012-01-11T15:33:19-08:00 Warning:
	explode() expects parameter 2 to be string, array given
	in file /home/wleona3/Dropbox/Dockets/simplecart2/sc/core/libraries/pageloading.php at line 16.
2012-01-11T15:33:19-08:00 Warning:
	explode() expects parameter 2 to be string, array given
	in file /home/wleona3/Dropbox/Dockets/simplecart2/sc/core/libraries/pageloading.php at line 16.
